\BOOKMARK [2][-]{section*.1}{\376\377\000I\000n\000t\000r\000o\000d\000u\000c\000t\000i\000o\000n}{}% 1
\BOOKMARK [3][-]{section*.2}{\376\377\000M\000y\000\040\000c\000o\000n\000t\000r\000i\000b\000u\000t\000i\000o\000n}{section*.1}% 2
\BOOKMARK [2][-]{section*.3}{\376\377\000T\000h\000e\000o\000r\000e\000t\000i\000c\000a\000l\000\040\000s\000t\000u\000f\000f}{}% 3
\BOOKMARK [3][-]{section*.4}{\376\377\000W\000h\000y\000\040\000c\000o\000m\000p\000a\000c\000t\000n\000e\000s\000s}{section*.3}% 4
\BOOKMARK [3][-]{section*.5}{\376\377\000W\000h\000y\000\040\000s\000p\000a\000t\000i\000a\000l\000\040\000d\000i\000v\000e\000r\000s\000i\000t\000y}{section*.3}% 5
\BOOKMARK [3][-]{section*.6}{\376\377\000H\000o\000w\000\040\000c\000o\000m\000p\000a\000c\000t\000n\000e\000s\000s\000\040\000m\000i\000g\000h\000t\000\040\000a\000f\000f\000e\000c\000t\000\040\000s\000p\000a\000t\000i\000a\000l\000\040\000d\000i\000v\000e\000r\000s\000i\000t\000y}{section*.3}% 6
\BOOKMARK [3][-]{section*.7}{\376\377\000P\000r\000e\000v\000i\000o\000u\000s\000\040\000w\000o\000r\000k}{section*.3}% 7
\BOOKMARK [2][-]{section*.8}{\376\377\000K\000e\000y\000\040\000r\000e\000s\000e\000a\000r\000c\000h\000\040\000q\000u\000e\000s\000t\000i\000o\000n\000s}{}% 8
\BOOKMARK [2][-]{section*.9}{\376\377\000R\000e\000s\000e\000a\000r\000c\000h\000\040\000p\000r\000o\000c\000e\000d\000u\000r\000e}{}% 9
\BOOKMARK [3][-]{section*.10}{\376\377\000W\000h\000y\000\040\000g\000e\000n\000e\000r\000a\000t\000e\000\040\000m\000a\000n\000y\000\040\000p\000l\000a\000u\000s\000i\000b\000l\000e\000\040\000d\000i\000s\000t\000r\000i\000c\000t\000i\000n\000g\000\040\000p\000l\000a\000n\000s\000?}{section*.9}% 10
\BOOKMARK [3][-]{section*.11}{\376\377\000O\000v\000e\000r\000v\000i\000e\000w\000\040\000o\000f\000\040\000c\000o\000m\000p\000a\000c\000t\000n\000e\000s\000s\000\040\000m\000e\000a\000s\000u\000r\000e\000s}{section*.9}% 11
\BOOKMARK [3][-]{section*.19}{\376\377\000G\000e\000n\000e\000r\000a\000t\000i\000n\000g\000\040\000p\000l\000a\000n\000s\000\040\000w\000i\000t\000h\000\040\000a\000u\000t\000o\000m\000a\000t\000e\000d\000\040\000d\000i\000s\000t\000r\000i\000c\000t\000i\000n\000g\000\040\000a\000l\000g\000o\000r\000i\000t\000h\000m\000s}{section*.9}% 12
\BOOKMARK [2][-]{section*.22}{\376\377\000R\000e\000s\000e\000a\000r\000c\000h\000\040\000P\000r\000o\000c\000e\000d\000u\000r\000e\000\040\000\050\000c\000o\000n\000t\000i\000n\000u\000e\000d\000\051}{}% 13
\BOOKMARK [3][-]{section*.23}{\376\377\000G\000e\000n\000e\000r\000a\000t\000i\000n\000g\000\040\0001\0000\0000\000,\0000\0000\0000\000\040\000d\000i\000s\000t\000r\000i\000c\000t\000i\000n\000g\000\040\000p\000l\000a\000n\000s\000\040\000w\000i\000t\000h\000\040\000t\000h\000e\000\040\000M\000C\000M\000C\000\040\000a\000l\000g\000o\000r\000i\000t\000h\000m}{section*.22}% 14
\BOOKMARK [3][-]{section*.24}{\376\377\000C\000a\000l\000c\000u\000l\000a\000t\000i\000n\000g\000\040\000s\000p\000a\000t\000i\000a\000l\000\040\000d\000i\000v\000e\000r\000s\000i\000t\000y\000\040\000a\000n\000d\000\040\000c\000o\000m\000p\000a\000c\000t\000n\000e\000s\000s\000\040\000s\000c\000o\000r\000e\000s\000\040\000f\000o\000r\000\040\0001\0000\0000\000,\0000\0000\0000\000\040\000p\000l\000a\000n\000s}{section*.22}% 15
\BOOKMARK [3][-]{section*.25}{\376\377\000P\000e\000r\000f\000o\000r\000m\000i\000n\000g\000\040\000d\000a\000t\000a\000\040\000a\000n\000a\000l\000y\000s\000i\000s\000\040\000o\000n\000\040\000t\000h\000e\000\040\0001\0000\0000\000,\0000\0000\0000\000\040\000p\000l\000a\000n\000s}{section*.22}% 16
\BOOKMARK [2][-]{section*.26}{\376\377\000R\000e\000s\000u\000l\000t\000s}{}% 17
\BOOKMARK [3][-]{section*.27}{\376\377\000I\000n\000i\000t\000i\000a\000l\000\040\000a\000n\000a\000l\000y\000s\000i\000s}{section*.26}% 18
\BOOKMARK [3][-]{section*.29}{\376\377\000P\000o\000l\000i\000t\000i\000c\000a\000l\000\040\000g\000e\000o\000g\000r\000a\000p\000h\000y\000\040\000p\000i\000n\000s\000\040\000d\000o\000w\000n\000\040\000t\000h\000e\000\040\000s\000p\000a\000t\000i\000a\000l\000\040\000d\000i\000v\000e\000r\000s\000i\000t\000y\000\040\000o\000f\000\040\000e\000a\000c\000h\000\040\000i\000n\000d\000i\000v\000i\000d\000u\000a\000l\000\040\000d\000i\000s\000t\000r\000i\000c\000t}{section*.26}% 19
\BOOKMARK [3][-]{section*.32}{\376\377\000C\000o\000m\000p\000a\000c\000t\000n\000e\000s\000s\000\040\000m\000e\000a\000s\000u\000r\000e\000s\000\040\000l\000a\000r\000g\000e\000l\000y\000\040\000a\000g\000r\000e\000e\000\040\000w\000i\000t\000h\000\040\000o\000n\000e\000\040\000a\000n\000o\000t\000h\000e\000r\000,\000\040\000b\000u\000t\000\040\000h\000u\000m\000a\000n\000\040\000c\000o\000m\000p\000a\000c\000t\000n\000e\000s\000s\000\040\000l\000e\000s\000s\000\040\000s\000o}{section*.26}% 20
\BOOKMARK [3][-]{section*.33}{\376\377\000O\000n\000l\000y\000\040\000h\000u\000m\000a\000n\000\040\000c\000o\000m\000p\000a\000c\000t\000n\000e\000s\000s\000\040\000h\000a\000s\000\040\000a\000\040\000s\000i\000g\000n\000i\000f\000i\000c\000a\000n\000t\000\040\000n\000e\000g\000a\000t\000i\000v\000e\000\040\000e\000f\000f\000e\000c\000t\000\040\000o\000n\000\040\000s\000p\000a\000t\000i\000a\000l\000\040\000d\000i\000v\000e\000r\000s\000i\000t\000y\000.}{section*.26}% 21
\BOOKMARK [2][-]{section*.37}{\376\377\000D\000i\000s\000c\000u\000s\000s\000i\000o\000n\000\040\000a\000n\000d\000\040\000d\000i\000r\000e\000c\000t\000i\000o\000n\000s\000\040\000f\000o\000r\000\040\000f\000u\000t\000u\000r\000e\000\040\000w\000o\000r\000k}{}% 22
\BOOKMARK [3][-]{section*.38}{\376\377\000I\000s\000\040\000t\000h\000e\000r\000e\000\040\000a\000\040\000t\000r\000a\000d\000e\000-\000o\000f\000f\000\040\000b\000e\000t\000w\000e\000e\000n\000\040\000c\000o\000m\000p\000a\000c\000t\000n\000e\000s\000s\000\040\000a\000n\000d\000\040\000s\000p\000a\000t\000i\000a\000l\000\040\000d\000i\000v\000e\000r\000s\000i\000t\000y\000?}{section*.37}% 23
\BOOKMARK [3][-]{section*.39}{\376\377\000D\000o\000e\000s\000\040\000s\000p\000a\000t\000i\000a\000l\000\040\000d\000i\000v\000e\000r\000s\000i\000t\000y\000\040\000s\000u\000g\000g\000e\000s\000t\000\040\000o\000n\000e\000\040\000c\000o\000m\000p\000a\000c\000t\000n\000e\000s\000s\000\040\000m\000e\000t\000r\000i\000c\000\040\000o\000v\000e\000r\000\040\000a\000n\000o\000t\000h\000e\000r\000?}{section*.37}% 24
\BOOKMARK [3][-]{section*.40}{\376\377\000D\000i\000r\000e\000c\000t\000i\000o\000n\000s\000\040\000f\000o\000r\000\040\000f\000u\000t\000u\000r\000e\000\040\000w\000o\000r\000k}{section*.37}% 25
\BOOKMARK [3][-]{section*.41}{\376\377\000C\000o\000n\000c\000l\000u\000s\000i\000o\000n}{section*.37}% 26
\BOOKMARK [2][-]{section*.42}{\376\377\000A\000c\000k\000n\000o\000w\000l\000e\000d\000g\000e\000m\000e\000n\000t\000s}{}% 27
\BOOKMARK [1][-]{section*.43}{\376\377\000A\000p\000p\000e\000n\000d\000i\000x\000\040\000A\000:\000\040\000E\000x\000p\000l\000a\000n\000a\000t\000i\000o\000n\000\040\000o\000f\000\040\000h\000u\000m\000a\000n\000\040\000c\000o\000m\000p\000a\000c\000t\000n\000e\000s\000s\000\040\000m\000e\000t\000r\000i\000c}{}% 28
\BOOKMARK [1][-]{section*.44}{\376\377\000A\000p\000p\000e\000n\000d\000i\000x\000\040\000B\000:\000\040\000R\000e\000s\000u\000l\000t\000s\000\040\000o\000f\000\040\000d\000i\000f\000f\000e\000r\000e\000n\000c\000e\000-\000i\000n\000-\000m\000e\000a\000n\000s\000\040\000t\000e\000s\000t\000s\000\040\000f\000o\000r\000\040\000i\000n\000d\000i\000v\000i\000d\000u\000a\000l\000\040\000s\000t\000a\000t\000e\000s}{}% 29
